SCRIPT_NAME: /EcosoftV2/index.php
Raw REQUEST_URI: /EcosoftV2/
Parsed URI: /
Base Path: /EcosoftV2
Available Routes: Array
(
    [0] => /
    [1] => /index
    [2] => /products
    [3] => /about
    [4] => /survey
)

----------------------------------------
SCRIPT_NAME: /EcosoftV2/index.php
Raw REQUEST_URI: /EcosoftV2/
Parsed URI: /
Base Path: /EcosoftV2
Available Routes: Array
(
    [0] => /
    [1] => /index
    [2] => /products
    [3] => /about
    [4] => /survey
)

----------------------------------------
SCRIPT_NAME: /EcosoftV2/index.php
Raw REQUEST_URI: /EcosoftV2/
Parsed URI: /
Base Path: /EcosoftV2
Available Routes: Array
(
    [0] => /
    [1] => /index
    [2] => /products
    [3] => /about
    [4] => /survey
)

----------------------------------------
SCRIPT_NAME: /EcosoftV2/index.php
Raw REQUEST_URI: /EcosoftV2/
Parsed URI: /
Base Path: /EcosoftV2
Available Routes: Array
(
    [0] => /
    [1] => /index
    [2] => /products
    [3] => /about
    [4] => EcosoftV2/survey
)

----------------------------------------
SCRIPT_NAME: /EcosoftV2/index.php
Raw REQUEST_URI: /EcosoftV2/
Parsed URI: /
Base Path: /EcosoftV2
Available Routes: Array
(
    [0] => /
    [1] => /index
    [2] => /products
    [3] => /about
    [4] => /survey
)

----------------------------------------
SCRIPT_NAME: /EcosoftV2/index.php
Raw REQUEST_URI: /EcosoftV2/
Parsed URI: /
Base Path: /EcosoftV2
Available Routes: Array
(
    [0] => /
    [1] => /index
    [2] => /products
    [3] => /about
    [4] => /survey
)

----------------------------------------
SCRIPT_NAME: /EcosoftV2/index.php
Raw REQUEST_URI: /EcosoftV2/
Parsed URI: /
Base Path: /EcosoftV2
Available Routes: Array
(
    [0] => /
    [1] => /index
    [2] => /products
    [3] => /about
    [4] => /survey
)

----------------------------------------
SCRIPT_NAME: /EcosoftV2/index.php
Raw REQUEST_URI: /EcosoftV2/index.php
Parsed URI: /index.php
Base Path: /EcosoftV2
Available Routes: Array
(
    [0] => /
    [1] => /index
    [2] => /products
    [3] => /about
    [4] => /survey
)

----------------------------------------
SCRIPT_NAME: /EcosoftV2/index.php
Raw REQUEST_URI: /EcosoftV2/index.php
Parsed URI: /index.php
Base Path: /EcosoftV2
Available Routes: Array
(
    [0] => /
    [1] => /index.php
    [2] => /products
    [3] => /about
    [4] => /survey
)

----------------------------------------
SCRIPT_NAME: /EcosoftV2/index.php
Raw REQUEST_URI: /EcosoftV2/index.php
Parsed URI: /index.php
Base Path: /EcosoftV2
Available Routes: Array
(
    [0] => /
    [1] => /index.php
    [2] => /products
    [3] => /about
    [4] => /survey
)

----------------------------------------
SCRIPT_NAME: /EcosoftV2/index.php
Raw REQUEST_URI: /EcosoftV2/index.php
Parsed URI: /index.php
Base Path: /EcosoftV2
Available Routes: Array
(
    [0] => /
    [1] => /index.php
    [2] => /products
    [3] => /about
    [4] => /survey
)

----------------------------------------
SCRIPT_NAME: /EcosoftV2/index.php
Raw REQUEST_URI: /EcosoftV2/index.php
Parsed URI: /index.php
Base Path: /EcosoftV2
Available Routes: Array
(
    [0] => /
    [1] => /index.php
    [2] => /products
    [3] => /about
    [4] => /survey
)

----------------------------------------
SCRIPT_NAME: /EcosoftV2/index.php
Raw REQUEST_URI: /EcosoftV2/
Parsed URI: /
Base Path: /EcosoftV2
Available Routes: Array
(
    [0] => /
    [1] => /index.php
    [2] => /products
    [3] => /about
    [4] => /survey
)

----------------------------------------
SCRIPT_NAME: /EcosoftV2/index.php
Raw REQUEST_URI: /EcosoftV2/
Parsed URI: /
Base Path: /EcosoftV2
Available Routes: Array
(
    [0] => /
    [1] => /index.php
    [2] => /products
    [3] => /about
    [4] => /survey
)

----------------------------------------
SCRIPT_NAME: /EcosoftV2/index.php
Raw REQUEST_URI: /EcosoftV2/
Parsed URI: /
Base Path: /EcosoftV2
Available Routes: Array
(
    [0] => /products
    [1] => /about
    [2] => /survey
)

----------------------------------------
SCRIPT_NAME: /EcosoftV2/index.php
Raw REQUEST_URI: /EcosoftV2/
Parsed URI: /
Base Path: /EcosoftV2
Available Routes: Array
(
    [0] => /products
    [1] => /about
    [2] => /survey
)

----------------------------------------
SCRIPT_NAME: /EcosoftV2/index.php
Raw REQUEST_URI: /EcosoftV2/
Parsed URI: /
Base Path: /EcosoftV2
Available Routes: Array
(
    [0] => /products
    [1] => /about
    [2] => /survey
)

----------------------------------------
SCRIPT_NAME: /EcosoftV2/index.php
Raw REQUEST_URI: /EcosoftV2/
Parsed URI: /
Base Path: /EcosoftV2
Available Routes: Array
(
    [0] => /products
    [1] => /about
    [2] => /survey
)

----------------------------------------
SCRIPT_NAME: /EcosoftV2/index.php
Raw REQUEST_URI: /EcosoftV2/
Parsed URI: /
Base Path: /EcosoftV2
Available Routes: Array
(
    [0] => /products
    [1] => /about
    [2] => /survey
)

----------------------------------------
SCRIPT_NAME: /EcosoftV2/index.php
Raw REQUEST_URI: /EcosoftV2/
Parsed URI: /
Base Path: /EcosoftV2
Available Routes: Array
(
    [0] => /
    [1] => /products
    [2] => /about
    [3] => /survey
)

----------------------------------------
SCRIPT_NAME: /EcosoftV2/index.php
Raw REQUEST_URI: /EcosoftV2/
Parsed URI: /
Base Path: /EcosoftV2
Available Routes: Array
(
    [0] => /
    [1] => /products
    [2] => /about
    [3] => /survey
)

----------------------------------------
Final URI: /
SCRIPT_NAME: /EcosoftV2/index.php
Raw REQUEST_URI: /EcosoftV2/
Parsed URI: /
Base Path: /EcosoftV2
Available Routes: Array
(
    [0] => /
    [1] => /index
    [2] => /products
    [3] => /about
    [4] => /survey
)

----------------------------------------
SCRIPT_NAME: /EcosoftV2/index.php
Raw REQUEST_URI: /EcosoftV2/
Parsed URI: /
Base Path: /EcosoftV2
Available Routes: Array
(
    [0] => /
    [1] => /index
    [2] => /products
    [3] => /about
    [4] => /survey
)

----------------------------------------
SCRIPT_NAME: /EcosoftV2/index.php
Raw REQUEST_URI: /EcosoftV2/Images/Filters/placeholder_filters.jpg
Parsed URI: /Images/Filters/placeholder_filters.jpg
Base Path: /EcosoftV2
Available Routes: Array
(
    [0] => /
    [1] => /index
    [2] => /products
    [3] => /about
    [4] => /survey
)

----------------------------------------
SCRIPT_NAME: /EcosoftV2/index.php
Raw REQUEST_URI: /EcosoftV2/Images/Filters/placeholder_filters.jpg
Parsed URI: /Images/Filters/placeholder_filters.jpg
Base Path: /EcosoftV2
Available Routes: Array
(
    [0] => /
    [1] => /index
    [2] => /products
    [3] => /about
    [4] => /survey
)

----------------------------------------
SCRIPT_NAME: /EcosoftV2/index.php
Raw REQUEST_URI: /EcosoftV2/
Parsed URI: /
Base Path: /EcosoftV2
Available Routes: Array
(
    [0] => /
    [1] => /index
    [2] => /products
    [3] => /about
    [4] => /survey
)

----------------------------------------
